<?xml version="1.0" encoding="UTF-8"?>
<testng-results ignored="0" total="1" passed="1" failed="0" skipped="0">
  <reporter-output>
  </reporter-output>
  <suite started-at="2024-06-08T11:50:56 IST" name="Default suite" finished-at="2024-06-08T11:51:10 IST" duration-ms="13162">
    <groups>
    </groups>
    <test started-at="2024-06-08T11:50:56 IST" name="Default test" finished-at="2024-06-08T11:51:10 IST" duration-ms="13162">
      <class name="Naukrii.Functional_Testing">
        <test-method is-config="true" signature="beforeClass()[pri:0, instance:Naukrii.Functional_Testing@49b2a47d]" started-at="2024-06-08T11:50:56 IST" name="beforeClass" finished-at="2024-06-08T11:51:02 IST" duration-ms="5300" status="PASS">
          <reporter-output>
          </reporter-output>
        </test-method> <!-- beforeClass -->
        <test-method signature="functional()[pri:0, instance:Naukrii.Functional_Testing@49b2a47d]" started-at="2024-06-08T11:51:02 IST" name="functional" finished-at="2024-06-08T11:51:09 IST" duration-ms="7667" status="PASS">
          <reporter-output>
          </reporter-output>
        </test-method> <!-- functional -->
        <test-method is-config="true" signature="afterClass()[pri:0, instance:Naukrii.Functional_Testing@49b2a47d]" started-at="2024-06-08T11:51:09 IST" name="afterClass" finished-at="2024-06-08T11:51:10 IST" duration-ms="160" status="PASS">
          <reporter-output>
          </reporter-output>
        </test-method> <!-- afterClass -->
      </class> <!-- Naukrii.Functional_Testing -->
    </test> <!-- Default test -->
  </suite> <!-- Default suite -->
</testng-results>
